2026-03-14 19:31:38 +0100 - dagster - DEBUG - __ASSET_JOB - 50312c73-7f3c-410e-8f63-73f85c728a47 - 70500 - LOGS_CAPTURED - Started capturing logs in process (pid: 70500).
2026-03-14 19:31:38 +0100 - dagster - DEBUG - __ASSET_JOB - 50312c73-7f3c-410e-8f63-73f85c728a47 - 70500 - stg_adm_forecast_asset - STEP_START - Started execution of step "stg_adm_forecast_asset".
2026-03-14 19:31:38 +0100 - dagster - ERROR - __ASSET_JOB - 50312c73-7f3c-410e-8f63-73f85c728a47 - 70500 - stg_adm_forecast_asset - STEP_FAILURE - Execution of step "stg_adm_forecast_asset" failed.

dagster._core.errors.DagsterExecutionStepExecutionError: Error occurred while executing op "stg_adm_forecast_asset"::

KeyError: 0

Stack Trace:
  File "/home/coder/sc-sim-tools/venv/lib/python3.12/site-packages/dagster/_core/execution/plan/utils.py", line 57, in op_execution_error_boundary
    yield
  File "/home/coder/sc-sim-tools/venv/lib/python3.12/site-packages/dagster/_utils/__init__.py", line 394, in iterate_with_context
    next_output = next(iterator)
                  ^^^^^^^^^^^^^^
  File "/home/coder/sc-sim-tools/venv/lib/python3.12/site-packages/dagster/_core/execution/plan/compute_generator.py", line 135, in _coerce_op_compute_fn_to_iterator
    result = invoke_compute_fn(
             ^^^^^^^^^^^^^^^^^^
  File "/home/coder/sc-sim-tools/venv/lib/python3.12/site-packages/dagster/_core/execution/plan/compute_generator.py", line 115, in invoke_compute_fn
    return fn(context, **args_to_pass) if context_arg_provided else fn(**args_to_pass)
           ^^^^^^^^^^^^^^^^^^^^^^^^^^^
  File "/home/coder/sc-sim-tools/src/sc_sim_pipeline/assets/silver.py", line 80, in stg_adm_forecast_asset
    counts["demand_plans"] = stg_adm_forecast.load_demand_plans(conn)
                             ^^^^^^^^^^^^^^^^^^^^^^^^^^^^^^^^^^^^^^^^
  File "/home/coder/sc-sim-tools/src/stg_adm_forecast.py", line 92, in load_demand_plans
    watermark = conn.execute(
                ^^^^^^^^^^^^^

